[2024-06-12T07:52:28.976+0000] {local_task_job_runner.py:120} INFO - ::group::Pre task execution logs
[2024-06-12T07:52:29.377+0000] {taskinstance.py:2076} INFO - Dependencies all met for dep_context=non-requeueable deps ti=<TaskInstance: spotify_final_dag.create_table manual__2024-06-12T07:52:06.266175+00:00 [queued]>
[2024-06-12T07:52:29.448+0000] {taskinstance.py:2076} INFO - Dependencies all met for dep_context=requeueable deps ti=<TaskInstance: spotify_final_dag.create_table manual__2024-06-12T07:52:06.266175+00:00 [queued]>
[2024-06-12T07:52:29.449+0000] {taskinstance.py:2306} INFO - Starting attempt 1 of 2
[2024-06-12T07:52:29.587+0000] {taskinstance.py:2330} INFO - Executing <Task(PostgresOperator): create_table> on 2024-06-12 07:52:06.266175+00:00
[2024-06-12T07:52:29.635+0000] {warnings.py:112} WARNING - /home/***/.local/lib/python3.12/site-packages/***/task/task_runner/standard_task_runner.py:61: DeprecationWarning: This process (pid=65) is multi-threaded, use of fork() may lead to deadlocks in the child.
  pid = os.fork()

[2024-06-12T07:52:29.639+0000] {standard_task_runner.py:63} INFO - Started process 67 to run task
[2024-06-12T07:52:29.663+0000] {standard_task_runner.py:90} INFO - Running: ['***', 'tasks', 'run', 'spotify_final_dag', 'create_table', 'manual__2024-06-12T07:52:06.266175+00:00', '--job-id', '178', '--raw', '--subdir', 'DAGS_FOLDER/spotify_final_dag.py', '--cfg-path', '/tmp/tmpxnm0xpln']
[2024-06-12T07:52:29.689+0000] {standard_task_runner.py:91} INFO - Job 178: Subtask create_table
[2024-06-12T07:52:30.181+0000] {task_command.py:426} INFO - Running <TaskInstance: spotify_final_dag.create_table manual__2024-06-12T07:52:06.266175+00:00 [running]> on host d317f063dba7
[2024-06-12T07:52:30.796+0000] {taskinstance.py:2648} INFO - Exporting env vars: AIRFLOW_CTX_DAG_EMAIL='***@example.com' AIRFLOW_CTX_DAG_OWNER='***' AIRFLOW_CTX_DAG_ID='spotify_final_dag' AIRFLOW_CTX_TASK_ID='create_table' AIRFLOW_CTX_EXECUTION_DATE='2024-06-12T07:52:06.266175+00:00' AIRFLOW_CTX_TRY_NUMBER='1' AIRFLOW_CTX_DAG_RUN_ID='manual__2024-06-12T07:52:06.266175+00:00'
[2024-06-12T07:52:30.808+0000] {taskinstance.py:430} INFO - ::endgroup::
[2024-06-12T07:52:30.810+0000] {sql.py:276} INFO - Executing: 
	CREATE TABLE IF NOT EXISTS my_played_tracks(
	song_name VARCHAR(200),
	artist_name VARCHAR(200),
	played_at VARCHAR(200),
	timestamp VARCHAR(200),
	CONSTRAINT primary_key_constraint PRIMARY KEY (played_at)
	)
        
[2024-06-12T07:52:30.888+0000] {base.py:84} INFO - Using connection ID 'postgre_sql' for task execution.
[2024-06-12T07:52:30.944+0000] {base.py:84} INFO - Using connection ID 'postgre_sql' for task execution.
[2024-06-12T07:52:31.025+0000] {sql.py:487} INFO - Running statement: 
	CREATE TABLE IF NOT EXISTS my_played_tracks(
	song_name VARCHAR(200),
	artist_name VARCHAR(200),
	played_at VARCHAR(200),
	timestamp VARCHAR(200),
	CONSTRAINT primary_key_constraint PRIMARY KEY (played_at)
	)
        , parameters: None
[2024-06-12T07:52:31.198+0000] {taskinstance.py:441} INFO - ::group::Post task execution logs
[2024-06-12T07:52:31.303+0000] {taskinstance.py:1206} INFO - Marking task as SUCCESS. dag_id=spotify_final_dag, task_id=create_table, run_id=manual__2024-06-12T07:52:06.266175+00:00, execution_date=20240612T075206, start_date=20240612T075229, end_date=20240612T075231
[2024-06-12T07:52:31.571+0000] {local_task_job_runner.py:240} INFO - Task exited with return code 0
[2024-06-12T07:52:31.632+0000] {warnings.py:112} WARNING - /home/***/.local/lib/python3.12/site-packages/***/models/baseoperator.py:1297: AirflowProviderDeprecationWarning: Call to deprecated class PostgresOperator. (Please use `***.providers.common.sql.operators.sql.SQLExecuteQueryOperator`.Also, you can provide `hook_params={'schema': <database>}`.)
  result = cls.__new__(cls)

[2024-06-12T07:52:31.738+0000] {taskinstance.py:3503} INFO - 1 downstream tasks scheduled from follow-on schedule check
[2024-06-12T07:52:31.742+0000] {local_task_job_runner.py:222} INFO - ::endgroup::
