[2024-06-12T09:56:26.038+0000] {local_task_job_runner.py:120} INFO - ::group::Pre task execution logs
[2024-06-12T09:56:26.124+0000] {taskinstance.py:2076} INFO - Dependencies all met for dep_context=non-requeueable deps ti=<TaskInstance: spotify_final_dag.create_table manual__2024-06-12T09:56:19.774981+00:00 [queued]>
[2024-06-12T09:56:26.139+0000] {taskinstance.py:2076} INFO - Dependencies all met for dep_context=requeueable deps ti=<TaskInstance: spotify_final_dag.create_table manual__2024-06-12T09:56:19.774981+00:00 [queued]>
[2024-06-12T09:56:26.140+0000] {taskinstance.py:2306} INFO - Starting attempt 1 of 2
[2024-06-12T09:56:26.172+0000] {taskinstance.py:2330} INFO - Executing <Task(PostgresOperator): create_table> on 2024-06-12 09:56:19.774981+00:00
[2024-06-12T09:56:26.185+0000] {standard_task_runner.py:90} INFO - Running: ['***', 'tasks', 'run', 'spotify_final_dag', 'create_table', 'manual__2024-06-12T09:56:19.774981+00:00', '--job-id', '213', '--raw', '--subdir', 'DAGS_FOLDER/spotify_final_dag.py', '--cfg-path', '/tmp/tmpk1leaqix']
[2024-06-12T09:56:26.188+0000] {standard_task_runner.py:91} INFO - Job 213: Subtask create_table
[2024-06-12T09:56:26.184+0000] {warnings.py:112} WARNING - /home/***/.local/lib/python3.12/site-packages/***/task/task_runner/standard_task_runner.py:61: DeprecationWarning: This process (pid=50) is multi-threaded, use of fork() may lead to deadlocks in the child.
  pid = os.fork()

[2024-06-12T09:56:26.189+0000] {standard_task_runner.py:63} INFO - Started process 52 to run task
[2024-06-12T09:56:26.299+0000] {task_command.py:426} INFO - Running <TaskInstance: spotify_final_dag.create_table manual__2024-06-12T09:56:19.774981+00:00 [running]> on host d317f063dba7
[2024-06-12T09:56:26.469+0000] {taskinstance.py:2648} INFO - Exporting env vars: AIRFLOW_CTX_DAG_EMAIL='***@example.com' AIRFLOW_CTX_DAG_OWNER='***' AIRFLOW_CTX_DAG_ID='spotify_final_dag' AIRFLOW_CTX_TASK_ID='create_table' AIRFLOW_CTX_EXECUTION_DATE='2024-06-12T09:56:19.774981+00:00' AIRFLOW_CTX_TRY_NUMBER='1' AIRFLOW_CTX_DAG_RUN_ID='manual__2024-06-12T09:56:19.774981+00:00'
[2024-06-12T09:56:26.472+0000] {taskinstance.py:430} INFO - ::endgroup::
[2024-06-12T09:56:26.473+0000] {sql.py:276} INFO - Executing: 
	CREATE TABLE IF NOT EXISTS my_played_tracks(
	song_name VARCHAR(200),
	artist_name VARCHAR(200),
	played_at VARCHAR(200),
	timestamp VARCHAR(200),
	CONSTRAINT primary_key_constraint PRIMARY KEY (played_at)
	)
        
[2024-06-12T09:56:26.491+0000] {base.py:84} INFO - Using connection ID 'postgre_sql' for task execution.
[2024-06-12T09:56:26.534+0000] {base.py:84} INFO - Using connection ID 'postgre_sql' for task execution.
[2024-06-12T09:56:26.545+0000] {sql.py:487} INFO - Running statement: 
	CREATE TABLE IF NOT EXISTS my_played_tracks(
	song_name VARCHAR(200),
	artist_name VARCHAR(200),
	played_at VARCHAR(200),
	timestamp VARCHAR(200),
	CONSTRAINT primary_key_constraint PRIMARY KEY (played_at)
	)
        , parameters: None
[2024-06-12T09:56:26.563+0000] {taskinstance.py:441} INFO - ::group::Post task execution logs
[2024-06-12T09:56:26.583+0000] {taskinstance.py:1206} INFO - Marking task as SUCCESS. dag_id=spotify_final_dag, task_id=create_table, run_id=manual__2024-06-12T09:56:19.774981+00:00, execution_date=20240612T095619, start_date=20240612T095626, end_date=20240612T095626
[2024-06-12T09:56:26.655+0000] {local_task_job_runner.py:240} INFO - Task exited with return code 0
[2024-06-12T09:56:26.679+0000] {warnings.py:112} WARNING - /home/***/.local/lib/python3.12/site-packages/***/models/baseoperator.py:1297: AirflowProviderDeprecationWarning: Call to deprecated class PostgresOperator. (Please use `***.providers.common.sql.operators.sql.SQLExecuteQueryOperator`.Also, you can provide `hook_params={'schema': <database>}`.)
  result = cls.__new__(cls)

[2024-06-12T09:56:26.710+0000] {taskinstance.py:3503} INFO - 1 downstream tasks scheduled from follow-on schedule check
[2024-06-12T09:56:26.714+0000] {local_task_job_runner.py:222} INFO - ::endgroup::
