[2024-06-12T07:13:51.487+0000] {local_task_job_runner.py:120} INFO - ::group::Pre task execution logs
[2024-06-12T07:13:52.003+0000] {taskinstance.py:2076} INFO - Dependencies all met for dep_context=non-requeueable deps ti=<TaskInstance: spotify_final_dag.create_table scheduled__2024-06-10T06:00:00+00:00 [queued]>
[2024-06-12T07:13:52.071+0000] {taskinstance.py:2076} INFO - Dependencies all met for dep_context=requeueable deps ti=<TaskInstance: spotify_final_dag.create_table scheduled__2024-06-10T06:00:00+00:00 [queued]>
[2024-06-12T07:13:52.072+0000] {taskinstance.py:2306} INFO - Starting attempt 2 of 2
[2024-06-12T07:13:52.149+0000] {taskinstance.py:2330} INFO - Executing <Task(PostgresOperator): create_table> on 2024-06-10 06:00:00+00:00
[2024-06-12T07:13:52.167+0000] {warnings.py:112} WARNING - /home/***/.local/lib/python3.12/site-packages/***/task/task_runner/standard_task_runner.py:61: DeprecationWarning: This process (pid=367) is multi-threaded, use of fork() may lead to deadlocks in the child.
  pid = os.fork()

[2024-06-12T07:13:52.170+0000] {standard_task_runner.py:63} INFO - Started process 396 to run task
[2024-06-12T07:13:52.181+0000] {standard_task_runner.py:90} INFO - Running: ['***', 'tasks', 'run', 'spotify_final_dag', 'create_table', 'scheduled__2024-06-10T06:00:00+00:00', '--job-id', '67', '--raw', '--subdir', 'DAGS_FOLDER/spotify_final_dag.py', '--cfg-path', '/tmp/tmp3r7mditl']
[2024-06-12T07:13:52.185+0000] {standard_task_runner.py:91} INFO - Job 67: Subtask create_table
[2024-06-12T07:13:52.753+0000] {task_command.py:426} INFO - Running <TaskInstance: spotify_final_dag.create_table scheduled__2024-06-10T06:00:00+00:00 [running]> on host d317f063dba7
[2024-06-12T07:13:54.036+0000] {taskinstance.py:2648} INFO - Exporting env vars: AIRFLOW_CTX_DAG_EMAIL='***@example.com' AIRFLOW_CTX_DAG_OWNER='***' AIRFLOW_CTX_DAG_ID='spotify_final_dag' AIRFLOW_CTX_TASK_ID='create_table' AIRFLOW_CTX_EXECUTION_DATE='2024-06-10T06:00:00+00:00' AIRFLOW_CTX_TRY_NUMBER='2' AIRFLOW_CTX_DAG_RUN_ID='scheduled__2024-06-10T06:00:00+00:00'
[2024-06-12T07:13:54.214+0000] {taskinstance.py:430} INFO - ::endgroup::
[2024-06-12T07:13:54.215+0000] {sql.py:276} INFO - Executing: 
	CREATE TABLE IF NOT EXISTS my_played_tracks(
	song_name VARCHAR(200),
	artist_name VARCHAR(200),
	played_at VARCHAR(200),
	timestamp VARCHAR(200),
	CONSTRAINT primary_key_constraint PRIMARY KEY (played_at)
	)
        
[2024-06-12T07:13:54.315+0000] {taskinstance.py:441} INFO - ::group::Post task execution logs
[2024-06-12T07:13:54.378+0000] {taskinstance.py:2905} ERROR - Task failed with exception
Traceback (most recent call last):
  File "/home/airflow/.local/lib/python3.12/site-packages/airflow/models/taskinstance.py", line 465, in _execute_task
    result = _execute_callable(context=context, **execute_callable_kwargs)
             ^^^^^^^^^^^^^^^^^^^^^^^^^^^^^^^^^^^^^^^^^^^^^^^^^^^^^^^^^^^^^
  File "/home/airflow/.local/lib/python3.12/site-packages/airflow/models/taskinstance.py", line 432, in _execute_callable
    return execute_callable(context=context, **execute_callable_kwargs)
           ^^^^^^^^^^^^^^^^^^^^^^^^^^^^^^^^^^^^^^^^^^^^^^^^^^^^^^^^^^^^
  File "/home/airflow/.local/lib/python3.12/site-packages/airflow/models/baseoperator.py", line 401, in wrapper
    return func(self, *args, **kwargs)
           ^^^^^^^^^^^^^^^^^^^^^^^^^^^
  File "/home/airflow/.local/lib/python3.12/site-packages/airflow/providers/common/sql/operators/sql.py", line 277, in execute
    hook = self.get_db_hook()
           ^^^^^^^^^^^^^^^^^^
  File "/home/airflow/.local/lib/python3.12/site-packages/airflow/providers/common/sql/operators/sql.py", line 188, in get_db_hook
    return self._hook
           ^^^^^^^^^^
  File "/usr/local/lib/python3.12/functools.py", line 995, in __get__
    val = self.func(instance)
          ^^^^^^^^^^^^^^^^^^^
  File "/home/airflow/.local/lib/python3.12/site-packages/airflow/providers/common/sql/operators/sql.py", line 150, in _hook
    conn = BaseHook.get_connection(conn_id)
           ^^^^^^^^^^^^^^^^^^^^^^^^^^^^^^^^
  File "/home/airflow/.local/lib/python3.12/site-packages/airflow/hooks/base.py", line 83, in get_connection
    conn = Connection.get_connection_from_secrets(conn_id)
           ^^^^^^^^^^^^^^^^^^^^^^^^^^^^^^^^^^^^^^^^^^^^^^^
  File "/home/airflow/.local/lib/python3.12/site-packages/airflow/models/connection.py", line 519, in get_connection_from_secrets
    raise AirflowNotFoundException(f"The conn_id `{conn_id}` isn't defined")
airflow.exceptions.AirflowNotFoundException: The conn_id `postgre_sql` isn't defined
[2024-06-12T07:13:54.562+0000] {taskinstance.py:1206} INFO - Marking task as FAILED. dag_id=spotify_final_dag, task_id=create_table, run_id=scheduled__2024-06-10T06:00:00+00:00, execution_date=20240610T060000, start_date=20240612T071352, end_date=20240612T071354
[2024-06-12T07:13:54.788+0000] {standard_task_runner.py:110} ERROR - Failed to execute job 67 for task create_table (The conn_id `postgre_sql` isn't defined; 396)
[2024-06-12T07:13:55.406+0000] {local_task_job_runner.py:240} INFO - Task exited with return code 1
[2024-06-12T07:13:55.460+0000] {local_task_job_runner.py:222} INFO - ::endgroup::
